<?xml version="1.0" encoding="UTF-8"?>
<coverage generated="1393428821">
  <project timestamp="1393428821">
    <package name="Gdd2011">
      <file name="/home/dsaouda/Gdd2011/src/Gdd2011/Googlon.php">
        <class name="Googlon" namespace="Gdd2011">
          <metrics methods="1" coveredmethods="1" conditionals="0" coveredconditionals="0" statements="5" coveredstatements="4" elements="6" coveredelements="5"/>
        </class>
        <line num="49" type="method" name="__construct" crap="2.03" count="11"/>
        <line num="51" type="stmt" count="11"/>
        <line num="52" type="stmt" count="0"/>
        <line num="55" type="stmt" count="11"/>
        <line num="56" type="stmt" count="11"/>
        <line num="57" type="stmt" count="11"/>
        <line num="60" type="stmt" count="1"/>
        <metrics loc="59" ncloc="34" classes="1" methods="1" coveredmethods="0" conditionals="0" coveredconditionals="0" statements="5" coveredstatements="4" elements="6" coveredelements="4"/>
      </file>
      <file name="/home/dsaouda/Gdd2011/src/Gdd2011/Numero.php">
        <class name="Numero" namespace="Gdd2011">
          <metrics methods="3" coveredmethods="3" conditionals="0" coveredconditionals="0" statements="15" coveredstatements="15" elements="18" coveredelements="18"/>
        </class>
        <line num="11" type="method" name="base20" crap="2" count="3"/>
        <line num="13" type="stmt" count="3"/>
        <line num="15" type="stmt" count="3"/>
        <line num="16" type="stmt" count="3"/>
        <line num="18" type="stmt" count="3"/>
        <line num="19" type="stmt" count="3"/>
        <line num="21" type="stmt" count="3"/>
        <line num="24" type="method" name="countNumerosBonito" crap="3" count="2"/>
        <line num="26" type="stmt" count="2"/>
        <line num="28" type="stmt" count="2"/>
        <line num="30" type="stmt" count="2"/>
        <line num="31" type="stmt" count="2"/>
        <line num="33" type="stmt" count="2"/>
        <line num="34" type="stmt" count="2"/>
        <line num="36" type="stmt" count="2"/>
        <line num="39" type="method" name="isNumeroBonito" crap="2" count="2"/>
        <line num="41" type="stmt" count="2"/>
        <line num="43" type="stmt" count="2"/>
        <line num="47" type="stmt" count="1"/>
        <metrics loc="46" ncloc="46" classes="1" methods="3" coveredmethods="3" conditionals="0" coveredconditionals="0" statements="15" coveredstatements="15" elements="18" coveredelements="18"/>
      </file>
      <file name="/home/dsaouda/Gdd2011/src/Gdd2011/Preposicao.php">
        <class name="Preposicao" namespace="Gdd2011">
          <metrics methods="2" coveredmethods="2" conditionals="0" coveredconditionals="0" statements="12" coveredstatements="12" elements="14" coveredelements="14"/>
        </class>
        <line num="15" type="method" name="countPreposicoes" crap="3" count="2"/>
        <line num="17" type="stmt" count="2"/>
        <line num="19" type="stmt" count="2"/>
        <line num="20" type="stmt" count="2"/>
        <line num="22" type="stmt" count="2"/>
        <line num="23" type="stmt" count="2"/>
        <line num="25" type="stmt" count="2"/>
        <line num="33" type="method" name="isPreposicao" crap="4" count="2"/>
        <line num="35" type="stmt" count="2"/>
        <line num="36" type="stmt" count="2"/>
        <line num="39" type="stmt" count="2"/>
        <line num="40" type="stmt" count="2"/>
        <line num="41" type="stmt" count="2"/>
        <line num="44" type="stmt" count="2"/>
        <line num="48" type="stmt" count="1"/>
        <metrics loc="47" ncloc="36" classes="1" methods="2" coveredmethods="2" conditionals="0" coveredconditionals="0" statements="12" coveredstatements="12" elements="14" coveredelements="14"/>
      </file>
      <file name="/home/dsaouda/Gdd2011/src/Gdd2011/Verbo.php">
        <class name="Verbo" namespace="Gdd2011">
          <metrics methods="5" coveredmethods="5" conditionals="0" coveredconditionals="0" statements="17" coveredstatements="16" elements="22" coveredelements="21"/>
        </class>
        <line num="24" type="method" name="countVerbos" crap="1" count="2"/>
        <line num="26" type="stmt" count="2"/>
        <line num="34" type="method" name="countVerbosPrimeiraPessoa" crap="1" count="2"/>
        <line num="36" type="stmt" count="2"/>
        <line num="45" type="method" name="countVerbosPorTipo" crap="6.03" count="4"/>
        <line num="48" type="stmt" count="4"/>
        <line num="49" type="stmt" count="0"/>
        <line num="52" type="stmt" count="4"/>
        <line num="54" type="stmt" count="4"/>
        <line num="56" type="stmt" count="4"/>
        <line num="59" type="stmt" count="4"/>
        <line num="60" type="stmt" count="2"/>
        <line num="61" type="stmt" count="2"/>
        <line num="64" type="stmt" count="4"/>
        <line num="65" type="stmt" count="4"/>
        <line num="67" type="stmt" count="4"/>
        <line num="75" type="method" name="isVerbo" crap="2" count="4"/>
        <line num="77" type="stmt" count="4"/>
        <line num="79" type="stmt" count="4"/>
        <line num="88" type="method" name="isVerboPrimeiraPessoa" crap="2" count="2"/>
        <line num="90" type="stmt" count="2"/>
        <line num="92" type="stmt" count="2"/>
        <line num="96" type="stmt" count="1"/>
        <metrics loc="95" ncloc="65" classes="1" methods="5" coveredmethods="4" conditionals="0" coveredconditionals="0" statements="17" coveredstatements="16" elements="22" coveredelements="20"/>
      </file>
      <file name="/home/dsaouda/Gdd2011/src/Gdd2011/Vocabulario.php">
        <class name="Vocabulario" namespace="Gdd2011">
          <metrics methods="3" coveredmethods="3" conditionals="0" coveredconditionals="0" statements="16" coveredstatements="16" elements="19" coveredelements="19"/>
        </class>
        <line num="13" type="method" name="ordenarTexto" crap="1" count="2"/>
        <line num="15" type="stmt" count="2"/>
        <line num="17" type="stmt" count="2"/>
        <line num="19" type="stmt" count="2"/>
        <line num="31" type="method" name="ordenar" crap="4" count="2"/>
        <line num="33" type="stmt" count="2"/>
        <line num="35" type="stmt" count="2"/>
        <line num="36" type="stmt" count="2"/>
        <line num="37" type="stmt" count="2"/>
        <line num="39" type="stmt" count="2"/>
        <line num="40" type="stmt" count="2"/>
        <line num="41" type="stmt" count="2"/>
        <line num="42" type="stmt" count="2"/>
        <line num="44" type="stmt" count="2"/>
        <line num="47" type="stmt" count="2"/>
        <line num="57" type="method" name="getTamanhoMenorPalavra" crap="2" count="2"/>
        <line num="59" type="stmt" count="2"/>
        <line num="60" type="stmt" count="2"/>
        <line num="62" type="stmt" count="2"/>
        <line num="66" type="stmt" count="1"/>
        <metrics loc="65" ncloc="42" classes="1" methods="3" coveredmethods="3" conditionals="0" coveredconditionals="0" statements="16" coveredstatements="16" elements="19" coveredelements="19"/>
      </file>
    </package>
    <package name="Composer\Autoload">
      <file name="/home/dsaouda/Gdd2011/vendor/composer/ClassLoader.php">
        <class name="ClassLoader" namespace="Composer\Autoload">
          <metrics methods="16" coveredmethods="4" conditionals="0" coveredconditionals="0" statements="131" coveredstatements="25" elements="147" coveredelements="29"/>
        </class>
        <line num="0" type="stmt" count="1"/>
        <line num="57" type="method" name="getPrefixes" crap="1.12" count="1"/>
        <line num="58" type="stmt" count="1"/>
        <line num="59" type="stmt" count="0"/>
        <line num="62" type="method" name="getPrefixesPsr4" crap="2" count="0"/>
        <line num="64" type="stmt" count="0"/>
        <line num="67" type="method" name="getFallbackDirs" crap="1.12" count="1"/>
        <line num="68" type="stmt" count="1"/>
        <line num="69" type="stmt" count="0"/>
        <line num="72" type="method" name="getFallbackDirsPsr4" crap="2" count="0"/>
        <line num="74" type="stmt" count="0"/>
        <line num="77" type="method" name="getClassMap" crap="2" count="0"/>
        <line num="79" type="stmt" count="0"/>
        <line num="85" type="method" name="addClassMap" crap="6" count="0"/>
        <line num="87" type="stmt" count="0"/>
        <line num="88" type="stmt" count="0"/>
        <line num="89" type="stmt" count="0"/>
        <line num="90" type="stmt" count="0"/>
        <line num="92" type="stmt" count="0"/>
        <line num="102" type="method" name="add" crap="30" count="0"/>
        <line num="104" type="stmt" count="0"/>
        <line num="105" type="stmt" count="0"/>
        <line num="106" type="stmt" count="0"/>
        <line num="107" type="stmt" count="0"/>
        <line num="108" type="stmt" count="0"/>
        <line num="109" type="stmt" count="0"/>
        <line num="110" type="stmt" count="0"/>
        <line num="111" type="stmt" count="0"/>
        <line num="112" type="stmt" count="0"/>
        <line num="114" type="stmt" count="0"/>
        <line num="117" type="stmt" count="0"/>
        <line num="120" type="stmt" count="0"/>
        <line num="121" type="stmt" count="0"/>
        <line num="122" type="stmt" count="0"/>
        <line num="124" type="stmt" count="0"/>
        <line num="126" type="stmt" count="0"/>
        <line num="127" type="stmt" count="0"/>
        <line num="128" type="stmt" count="0"/>
        <line num="129" type="stmt" count="0"/>
        <line num="130" type="stmt" count="0"/>
        <line num="131" type="stmt" count="0"/>
        <line num="132" type="stmt" count="0"/>
        <line num="133" type="stmt" count="0"/>
        <line num="135" type="stmt" count="0"/>
        <line num="137" type="stmt" count="0"/>
        <line num="147" type="method" name="addPsr4" crap="42" count="0"/>
        <line num="149" type="stmt" count="0"/>
        <line num="151" type="stmt" count="0"/>
        <line num="152" type="stmt" count="0"/>
        <line num="153" type="stmt" count="0"/>
        <line num="154" type="stmt" count="0"/>
        <line num="155" type="stmt" count="0"/>
        <line num="156" type="stmt" count="0"/>
        <line num="157" type="stmt" count="0"/>
        <line num="158" type="stmt" count="0"/>
        <line num="160" type="stmt" count="0"/>
        <line num="162" type="stmt" count="0"/>
        <line num="164" type="stmt" count="0"/>
        <line num="165" type="stmt" count="0"/>
        <line num="166" type="stmt" count="0"/>
        <line num="168" type="stmt" count="0"/>
        <line num="169" type="stmt" count="0"/>
        <line num="170" type="stmt" count="0"/>
        <line num="172" type="stmt" count="0"/>
        <line num="173" type="stmt" count="0"/>
        <line num="174" type="stmt" count="0"/>
        <line num="175" type="stmt" count="0"/>
        <line num="176" type="stmt" count="0"/>
        <line num="178" type="stmt" count="0"/>
        <line num="179" type="stmt" count="0"/>
        <line num="181" type="stmt" count="0"/>
        <line num="183" type="stmt" count="0"/>
        <line num="192" type="method" name="set" crap="6" count="0"/>
        <line num="194" type="stmt" count="0"/>
        <line num="195" type="stmt" count="0"/>
        <line num="196" type="stmt" count="0"/>
        <line num="197" type="stmt" count="0"/>
        <line num="199" type="stmt" count="0"/>
        <line num="208" type="method" name="setPsr4" crap="12" count="0"/>
        <line num="209" type="stmt" count="0"/>
        <line num="210" type="stmt" count="0"/>
        <line num="211" type="stmt" count="0"/>
        <line num="212" type="stmt" count="0"/>
        <line num="213" type="stmt" count="0"/>
        <line num="214" type="stmt" count="0"/>
        <line num="216" type="stmt" count="0"/>
        <line num="217" type="stmt" count="0"/>
        <line num="219" type="stmt" count="0"/>
        <line num="226" type="method" name="setUseIncludePath" crap="2" count="0"/>
        <line num="228" type="stmt" count="0"/>
        <line num="229" type="stmt" count="0"/>
        <line num="237" type="method" name="getUseIncludePath" crap="2" count="0"/>
        <line num="239" type="stmt" count="0"/>
        <line num="247" type="method" name="register" crap="2" count="0"/>
        <line num="249" type="stmt" count="0"/>
        <line num="250" type="stmt" count="0"/>
        <line num="255" type="method" name="unregister" crap="2" count="0"/>
        <line num="257" type="stmt" count="0"/>
        <line num="258" type="stmt" count="0"/>
        <line num="266" type="method" name="loadClass" crap="2.06" count="4"/>
        <line num="268" type="stmt" count="4"/>
        <line num="269" type="stmt" count="4"/>
        <line num="271" type="stmt" count="4"/>
        <line num="273" type="stmt" count="0"/>
        <line num="282" type="method" name="findFile" crap="81.21" count="4"/>
        <line num="285" type="stmt" count="4"/>
        <line num="286" type="stmt" count="0"/>
        <line num="287" type="stmt" count="0"/>
        <line num="290" type="stmt" count="4"/>
        <line num="291" type="stmt" count="1"/>
        <line num="295" type="stmt" count="4"/>
        <line num="297" type="stmt" count="4"/>
        <line num="298" type="stmt" count="4"/>
        <line num="299" type="stmt" count="0"/>
        <line num="300" type="stmt" count="0"/>
        <line num="301" type="stmt" count="0"/>
        <line num="302" type="stmt" count="0"/>
        <line num="303" type="stmt" count="0"/>
        <line num="305" type="stmt" count="0"/>
        <line num="306" type="stmt" count="0"/>
        <line num="307" type="stmt" count="0"/>
        <line num="308" type="stmt" count="0"/>
        <line num="311" type="stmt" count="4"/>
        <line num="312" type="stmt" count="0"/>
        <line num="313" type="stmt" count="0"/>
        <line num="315" type="stmt" count="4"/>
        <line num="318" type="stmt" count="4"/>
        <line num="320" type="stmt" count="4"/>
        <line num="321" type="stmt" count="4"/>
        <line num="322" type="stmt" count="4"/>
        <line num="324" type="stmt" count="0"/>
        <line num="327" type="stmt" count="4"/>
        <line num="328" type="stmt" count="4"/>
        <line num="329" type="stmt" count="4"/>
        <line num="330" type="stmt" count="0"/>
        <line num="331" type="stmt" count="0"/>
        <line num="332" type="stmt" count="0"/>
        <line num="334" type="stmt" count="0"/>
        <line num="335" type="stmt" count="0"/>
        <line num="336" type="stmt" count="4"/>
        <line num="337" type="stmt" count="4"/>
        <line num="340" type="stmt" count="4"/>
        <line num="341" type="stmt" count="4"/>
        <line num="342" type="stmt" count="4"/>
        <line num="344" type="stmt" count="0"/>
        <line num="347" type="stmt" count="0"/>
        <line num="348" type="stmt" count="0"/>
        <line num="352" type="stmt" count="0"/>
        <line num="363" type="stmt" count="4"/>
        <line num="364" type="stmt" count="4"/>
        <metrics loc="364" ncloc="225" classes="1" methods="16" coveredmethods="0" conditionals="0" coveredconditionals="0" statements="133" coveredstatements="27" elements="149" coveredelements="27"/>
      </file>
    </package>
    <file name="/home/dsaouda/Gdd2011/vendor/composer/autoload_real.php">
      <class name="ComposerAutoloaderInit6a083149b23416ea976d16a610e17a02" namespace="global">
        <metrics methods="2" coveredmethods="0" conditionals="0" coveredconditionals="0" statements="28" coveredstatements="0" elements="30" coveredelements="0"/>
      </class>
      <line num="9" type="method" name="loadClassLoader" crap="6" count="0"/>
      <line num="11" type="stmt" count="0"/>
      <line num="12" type="stmt" count="0"/>
      <line num="13" type="stmt" count="0"/>
      <line num="14" type="stmt" count="0"/>
      <line num="16" type="method" name="getLoader" crap="30" count="0"/>
      <line num="18" type="stmt" count="0"/>
      <line num="19" type="stmt" count="0"/>
      <line num="22" type="stmt" count="0"/>
      <line num="23" type="stmt" count="0"/>
      <line num="24" type="stmt" count="0"/>
      <line num="26" type="stmt" count="0"/>
      <line num="27" type="stmt" count="0"/>
      <line num="29" type="stmt" count="0"/>
      <line num="30" type="stmt" count="0"/>
      <line num="31" type="stmt" count="0"/>
      <line num="33" type="stmt" count="0"/>
      <line num="34" type="stmt" count="0"/>
      <line num="35" type="stmt" count="0"/>
      <line num="36" type="stmt" count="0"/>
      <line num="38" type="stmt" count="0"/>
      <line num="39" type="stmt" count="0"/>
      <line num="40" type="stmt" count="0"/>
      <line num="41" type="stmt" count="0"/>
      <line num="43" type="stmt" count="0"/>
      <line num="44" type="stmt" count="0"/>
      <line num="45" type="stmt" count="0"/>
      <line num="46" type="stmt" count="0"/>
      <line num="48" type="stmt" count="0"/>
      <line num="50" type="stmt" count="0"/>
      <line num="56" type="stmt" count="0"/>
      <line num="57" type="stmt" count="0"/>
      <metrics loc="57" ncloc="55" classes="1" methods="2" coveredmethods="0" conditionals="0" coveredconditionals="0" statements="30" coveredstatements="0" elements="32" coveredelements="0"/>
    </file>
    <metrics files="7" loc="733" ncloc="503" classes="7" methods="32" coveredmethods="12" conditionals="0" coveredconditionals="0" statements="228" coveredstatements="90" elements="260" coveredelements="102"/>
  </project>
</coverage>
